CYCLE:0|PC:0|INSTR:04400000|R0:0|R1:0|ALU:00000000|REG_W:1|ALU_S:1|BR:0|JMP:0
CYCLE:1|PC:1|INSTR:04000000|R0:0|R1:0|ALU:00000000|REG_W:1|ALU_S:1|BR:0|JMP:0
CYCLE:2|PC:2|INSTR:1000000a|R0:0|R1:0|ALU:fffffff6|REG_W:0|ALU_S:1|BR:0|JMP:0
CYCLE:3|PC:3|INSTR:14000007|R0:0|R1:0|ALU:00000000|REG_W:0|ALU_S:0|BR:1|JMP:0
CYCLE:4|PC:4|INSTR:08400000|R0:0|R1:0|ALU:00000000|REG_W:1|ALU_S:0|BR:0|JMP:0
CYCLE:5|PC:5|INSTR:0c000001|R0:0|R1:0|ALU:00000001|REG_W:1|ALU_S:1|BR:0|JMP:0
CYCLE:6|PC:6|INSTR:18000002|R0:1|R1:0|ALU:00000002|REG_W:0|ALU_S:0|BR:0|JMP:1
CYCLE:7|PC:2|INSTR:1000000a|R0:1|R1:0|ALU:fffffff7|REG_W:0|ALU_S:1|BR:0|JMP:0
CYCLE:8|PC:3|INSTR:14000007|R0:1|R1:0|ALU:00000002|REG_W:0|ALU_S:0|BR:1|JMP:0
CYCLE:9|PC:4|INSTR:08400000|R0:1|R1:0|ALU:00000001|REG_W:1|ALU_S:0|BR:0|JMP:0
CYCLE:10|PC:5|INSTR:0c000001|R0:1|R1:1|ALU:00000002|REG_W:1|ALU_S:1|BR:0|JMP:0
CYCLE:11|PC:6|INSTR:18000002|R0:2|R1:1|ALU:00000004|REG_W:0|ALU_S:0|BR:0|JMP:1
CYCLE:12|PC:2|INSTR:1000000a|R0:2|R1:1|ALU:fffffff8|REG_W:0|ALU_S:1|BR:0|JMP:0
CYCLE:13|PC:3|INSTR:14000007|R0:2|R1:1|ALU:00000004|REG_W:0|ALU_S:0|BR:1|JMP:0
CYCLE:14|PC:4|INSTR:08400000|R0:2|R1:1|ALU:00000003|REG_W:1|ALU_S:0|BR:0|JMP:0
CYCLE:15|PC:5|INSTR:0c000001|R0:2|R1:3|ALU:00000003|REG_W:1|ALU_S:1|BR:0|JMP:0
CYCLE:16|PC:6|INSTR:18000002|R0:3|R1:3|ALU:00000006|REG_W:0|ALU_S:0|BR:0|JMP:1
CYCLE:17|PC:2|INSTR:1000000a|R0:3|R1:3|ALU:fffffff9|REG_W:0|ALU_S:1|BR:0|JMP:0
CYCLE:18|PC:3|INSTR:14000007|R0:3|R1:3|ALU:00000006|REG_W:0|ALU_S:0|BR:1|JMP:0
CYCLE:19|PC:4|INSTR:08400000|R0:3|R1:3|ALU:00000006|REG_W:1|ALU_S:0|BR:0|JMP:0
CYCLE:20|PC:5|INSTR:0c000001|R0:3|R1:6|ALU:00000004|REG_W:1|ALU_S:1|BR:0|JMP:0
CYCLE:21|PC:6|INSTR:18000002|R0:4|R1:6|ALU:00000008|REG_W:0|ALU_S:0|BR:0|JMP:1
CYCLE:22|PC:2|INSTR:1000000a|R0:4|R1:6|ALU:fffffffa|REG_W:0|ALU_S:1|BR:0|JMP:0
CYCLE:23|PC:3|INSTR:14000007|R0:4|R1:6|ALU:00000008|REG_W:0|ALU_S:0|BR:1|JMP:0
CYCLE:24|PC:4|INSTR:08400000|R0:4|R1:6|ALU:0000000a|REG_W:1|ALU_S:0|BR:0|JMP:0
CYCLE:25|PC:5|INSTR:0c000001|R0:4|R1:10|ALU:00000005|REG_W:1|ALU_S:1|BR:0|JMP:0
CYCLE:26|PC:6|INSTR:18000002|R0:5|R1:10|ALU:0000000a|REG_W:0|ALU_S:0|BR:0|JMP:1
CYCLE:27|PC:2|INSTR:1000000a|R0:5|R1:10|ALU:fffffffb|REG_W:0|ALU_S:1|BR:0|JMP:0
CYCLE:28|PC:3|INSTR:14000007|R0:5|R1:10|ALU:0000000a|REG_W:0|ALU_S:0|BR:1|JMP:0
CYCLE:29|PC:4|INSTR:08400000|R0:5|R1:10|ALU:0000000f|REG_W:1|ALU_S:0|BR:0|JMP:0
CYCLE:30|PC:5|INSTR:0c000001|R0:5|R1:15|ALU:00000006|REG_W:1|ALU_S:1|BR:0|JMP:0
CYCLE:31|PC:6|INSTR:18000002|R0:6|R1:15|ALU:0000000c|REG_W:0|ALU_S:0|BR:0|JMP:1
CYCLE:32|PC:2|INSTR:1000000a|R0:6|R1:15|ALU:fffffffc|REG_W:0|ALU_S:1|BR:0|JMP:0
CYCLE:33|PC:3|INSTR:14000007|R0:6|R1:15|ALU:0000000c|REG_W:0|ALU_S:0|BR:1|JMP:0
CYCLE:34|PC:4|INSTR:08400000|R0:6|R1:15|ALU:00000015|REG_W:1|ALU_S:0|BR:0|JMP:0
CYCLE:35|PC:5|INSTR:0c000001|R0:6|R1:21|ALU:00000007|REG_W:1|ALU_S:1|BR:0|JMP:0
CYCLE:36|PC:6|INSTR:18000002|R0:7|R1:21|ALU:0000000e|REG_W:0|ALU_S:0|BR:0|JMP:1
CYCLE:37|PC:2|INSTR:1000000a|R0:7|R1:21|ALU:fffffffd|REG_W:0|ALU_S:1|BR:0|JMP:0
CYCLE:38|PC:3|INSTR:14000007|R0:7|R1:21|ALU:0000000e|REG_W:0|ALU_S:0|BR:1|JMP:0
CYCLE:39|PC:4|INSTR:08400000|R0:7|R1:21|ALU:0000001c|REG_W:1|ALU_S:0|BR:0|JMP:0
CYCLE:40|PC:5|INSTR:0c000001|R0:7|R1:28|ALU:00000008|REG_W:1|ALU_S:1|BR:0|JMP:0
CYCLE:41|PC:6|INSTR:18000002|R0:8|R1:28|ALU:00000010|REG_W:0|ALU_S:0|BR:0|JMP:1
CYCLE:42|PC:2|INSTR:1000000a|R0:8|R1:28|ALU:fffffffe|REG_W:0|ALU_S:1|BR:0|JMP:0
CYCLE:43|PC:3|INSTR:14000007|R0:8|R1:28|ALU:00000010|REG_W:0|ALU_S:0|BR:1|JMP:0
CYCLE:44|PC:4|INSTR:08400000|R0:8|R1:28|ALU:00000024|REG_W:1|ALU_S:0|BR:0|JMP:0
CYCLE:45|PC:5|INSTR:0c000001|R0:8|R1:36|ALU:00000009|REG_W:1|ALU_S:1|BR:0|JMP:0
CYCLE:46|PC:6|INSTR:18000002|R0:9|R1:36|ALU:00000012|REG_W:0|ALU_S:0|BR:0|JMP:1
CYCLE:47|PC:2|INSTR:1000000a|R0:9|R1:36|ALU:ffffffff|REG_W:0|ALU_S:1|BR:0|JMP:0
CYCLE:48|PC:3|INSTR:14000007|R0:9|R1:36|ALU:00000012|REG_W:0|ALU_S:0|BR:1|JMP:0
CYCLE:49|PC:4|INSTR:08400000|R0:9|R1:36|ALU:0000002d|REG_W:1|ALU_S:0|BR:0|JMP:0
CYCLE:50|PC:5|INSTR:0c000001|R0:9|R1:45|ALU:0000000a|REG_W:1|ALU_S:1|BR:0|JMP:0
CYCLE:51|PC:6|INSTR:18000002|R0:10|R1:45|ALU:00000014|REG_W:0|ALU_S:0|BR:0|JMP:1
CYCLE:52|PC:2|INSTR:1000000a|R0:10|R1:45|ALU:00000000|REG_W:0|ALU_S:1|BR:0|JMP:0
CYCLE:53|PC:3|INSTR:14000007|R0:10|R1:45|ALU:00000014|REG_W:0|ALU_S:0|BR:1|JMP:0
CYCLE:54|PC:7|INSTR:18000007|R0:10|R1:45|ALU:00000014|REG_W:0|ALU_S:0|BR:0|JMP:1
CYCLE:55|PC:7|INSTR:18000007|R0:10|R1:45|ALU:00000014|REG_W:0|ALU_S:0|BR:0|JMP:1
CYCLE:56|PC:7|INSTR:18000007|R0:10|R1:45|ALU:00000014|REG_W:0|ALU_S:0|BR:0|JMP:1
CYCLE:57|PC:7|INSTR:18000007|R0:10|R1:45|ALU:00000014|REG_W:0|ALU_S:0|BR:0|JMP:1
CYCLE:58|PC:7|INSTR:18000007|R0:10|R1:45|ALU:00000014|REG_W:0|ALU_S:0|BR:0|JMP:1
CYCLE:59|PC:7|INSTR:18000007|R0:10|R1:45|ALU:00000014|REG_W:0|ALU_S:0|BR:0|JMP:1
CYCLE:60|PC:7|INSTR:18000007|R0:10|R1:45|ALU:00000014|REG_W:0|ALU_S:0|BR:0|JMP:1
CYCLE:61|PC:7|INSTR:18000007|R0:10|R1:45|ALU:00000014|REG_W:0|ALU_S:0|BR:0|JMP:1
CYCLE:62|PC:7|INSTR:18000007|R0:10|R1:45|ALU:00000014|REG_W:0|ALU_S:0|BR:0|JMP:1
CYCLE:63|PC:7|INSTR:18000007|R0:10|R1:45|ALU:00000014|REG_W:0|ALU_S:0|BR:0|JMP:1
CYCLE:64|PC:7|INSTR:18000007|R0:10|R1:45|ALU:00000014|REG_W:0|ALU_S:0|BR:0|JMP:1
CYCLE:65|PC:7|INSTR:18000007|R0:10|R1:45|ALU:00000014|REG_W:0|ALU_S:0|BR:0|JMP:1
CYCLE:66|PC:7|INSTR:18000007|R0:10|R1:45|ALU:00000014|REG_W:0|ALU_S:0|BR:0|JMP:1
CYCLE:67|PC:7|INSTR:18000007|R0:10|R1:45|ALU:00000014|REG_W:0|ALU_S:0|BR:0|JMP:1
CYCLE:68|PC:7|INSTR:18000007|R0:10|R1:45|ALU:00000014|REG_W:0|ALU_S:0|BR:0|JMP:1
CYCLE:69|PC:7|INSTR:18000007|R0:10|R1:45|ALU:00000014|REG_W:0|ALU_S:0|BR:0|JMP:1
CYCLE:70|PC:7|INSTR:18000007|R0:10|R1:45|ALU:00000014|REG_W:0|ALU_S:0|BR:0|JMP:1
CYCLE:71|PC:7|INSTR:18000007|R0:10|R1:45|ALU:00000014|REG_W:0|ALU_S:0|BR:0|JMP:1
CYCLE:72|PC:7|INSTR:18000007|R0:10|R1:45|ALU:00000014|REG_W:0|ALU_S:0|BR:0|JMP:1
CYCLE:73|PC:7|INSTR:18000007|R0:10|R1:45|ALU:00000014|REG_W:0|ALU_S:0|BR:0|JMP:1
CYCLE:74|PC:7|INSTR:18000007|R0:10|R1:45|ALU:00000014|REG_W:0|ALU_S:0|BR:0|JMP:1
CYCLE:75|PC:7|INSTR:18000007|R0:10|R1:45|ALU:00000014|REG_W:0|ALU_S:0|BR:0|JMP:1
CYCLE:76|PC:7|INSTR:18000007|R0:10|R1:45|ALU:00000014|REG_W:0|ALU_S:0|BR:0|JMP:1
CYCLE:77|PC:7|INSTR:18000007|R0:10|R1:45|ALU:00000014|REG_W:0|ALU_S:0|BR:0|JMP:1
CYCLE:78|PC:7|INSTR:18000007|R0:10|R1:45|ALU:00000014|REG_W:0|ALU_S:0|BR:0|JMP:1
CYCLE:79|PC:7|INSTR:18000007|R0:10|R1:45|ALU:00000014|REG_W:0|ALU_S:0|BR:0|JMP:1
CYCLE:80|PC:7|INSTR:18000007|R0:10|R1:45|ALU:00000014|REG_W:0|ALU_S:0|BR:0|JMP:1
CYCLE:81|PC:7|INSTR:18000007|R0:10|R1:45|ALU:00000014|REG_W:0|ALU_S:0|BR:0|JMP:1
CYCLE:82|PC:7|INSTR:18000007|R0:10|R1:45|ALU:00000014|REG_W:0|ALU_S:0|BR:0|JMP:1
CYCLE:83|PC:7|INSTR:18000007|R0:10|R1:45|ALU:00000014|REG_W:0|ALU_S:0|BR:0|JMP:1
CYCLE:84|PC:7|INSTR:18000007|R0:10|R1:45|ALU:00000014|REG_W:0|ALU_S:0|BR:0|JMP:1
CYCLE:85|PC:7|INSTR:18000007|R0:10|R1:45|ALU:00000014|REG_W:0|ALU_S:0|BR:0|JMP:1
CYCLE:86|PC:7|INSTR:18000007|R0:10|R1:45|ALU:00000014|REG_W:0|ALU_S:0|BR:0|JMP:1
CYCLE:87|PC:7|INSTR:18000007|R0:10|R1:45|ALU:00000014|REG_W:0|ALU_S:0|BR:0|JMP:1
CYCLE:88|PC:7|INSTR:18000007|R0:10|R1:45|ALU:00000014|REG_W:0|ALU_S:0|BR:0|JMP:1
CYCLE:89|PC:7|INSTR:18000007|R0:10|R1:45|ALU:00000014|REG_W:0|ALU_S:0|BR:0|JMP:1
CYCLE:90|PC:7|INSTR:18000007|R0:10|R1:45|ALU:00000014|REG_W:0|ALU_S:0|BR:0|JMP:1
CYCLE:91|PC:7|INSTR:18000007|R0:10|R1:45|ALU:00000014|REG_W:0|ALU_S:0|BR:0|JMP:1
CYCLE:92|PC:7|INSTR:18000007|R0:10|R1:45|ALU:00000014|REG_W:0|ALU_S:0|BR:0|JMP:1
CYCLE:93|PC:7|INSTR:18000007|R0:10|R1:45|ALU:00000014|REG_W:0|ALU_S:0|BR:0|JMP:1
CYCLE:94|PC:7|INSTR:18000007|R0:10|R1:45|ALU:00000014|REG_W:0|ALU_S:0|BR:0|JMP:1
CYCLE:95|PC:7|INSTR:18000007|R0:10|R1:45|ALU:00000014|REG_W:0|ALU_S:0|BR:0|JMP:1
CYCLE:96|PC:7|INSTR:18000007|R0:10|R1:45|ALU:00000014|REG_W:0|ALU_S:0|BR:0|JMP:1
CYCLE:97|PC:7|INSTR:18000007|R0:10|R1:45|ALU:00000014|REG_W:0|ALU_S:0|BR:0|JMP:1
CYCLE:98|PC:7|INSTR:18000007|R0:10|R1:45|ALU:00000014|REG_W:0|ALU_S:0|BR:0|JMP:1
CYCLE:99|PC:7|INSTR:18000007|R0:10|R1:45|ALU:00000014|REG_W:0|ALU_S:0|BR:0|JMP:1
CYCLE:100|PC:7|INSTR:18000007|R0:10|R1:45|ALU:00000014|REG_W:0|ALU_S:0|BR:0|JMP:1
CYCLE:101|PC:7|INSTR:18000007|R0:10|R1:45|ALU:00000014|REG_W:0|ALU_S:0|BR:0|JMP:1
CYCLE:102|PC:7|INSTR:18000007|R0:10|R1:45|ALU:00000014|REG_W:0|ALU_S:0|BR:0|JMP:1
CYCLE:103|PC:7|INSTR:18000007|R0:10|R1:45|ALU:00000014|REG_W:0|ALU_S:0|BR:0|JMP:1
CYCLE:104|PC:7|INSTR:18000007|R0:10|R1:45|ALU:00000014|REG_W:0|ALU_S:0|BR:0|JMP:1
CYCLE:105|PC:7|INSTR:18000007|R0:10|R1:45|ALU:00000014|REG_W:0|ALU_S:0|BR:0|JMP:1
CYCLE:106|PC:7|INSTR:18000007|R0:10|R1:45|ALU:00000014|REG_W:0|ALU_S:0|BR:0|JMP:1
CYCLE:107|PC:7|INSTR:18000007|R0:10|R1:45|ALU:00000014|REG_W:0|ALU_S:0|BR:0|JMP:1
CYCLE:108|PC:7|INSTR:18000007|R0:10|R1:45|ALU:00000014|REG_W:0|ALU_S:0|BR:0|JMP:1
CYCLE:109|PC:7|INSTR:18000007|R0:10|R1:45|ALU:00000014|REG_W:0|ALU_S:0|BR:0|JMP:1
CYCLE:110|PC:7|INSTR:18000007|R0:10|R1:45|ALU:00000014|REG_W:0|ALU_S:0|BR:0|JMP:1
CYCLE:111|PC:7|INSTR:18000007|R0:10|R1:45|ALU:00000014|REG_W:0|ALU_S:0|BR:0|JMP:1
CYCLE:112|PC:7|INSTR:18000007|R0:10|R1:45|ALU:00000014|REG_W:0|ALU_S:0|BR:0|JMP:1
CYCLE:113|PC:7|INSTR:18000007|R0:10|R1:45|ALU:00000014|REG_W:0|ALU_S:0|BR:0|JMP:1
CYCLE:114|PC:7|INSTR:18000007|R0:10|R1:45|ALU:00000014|REG_W:0|ALU_S:0|BR:0|JMP:1
CYCLE:115|PC:7|INSTR:18000007|R0:10|R1:45|ALU:00000014|REG_W:0|ALU_S:0|BR:0|JMP:1
CYCLE:116|PC:7|INSTR:18000007|R0:10|R1:45|ALU:00000014|REG_W:0|ALU_S:0|BR:0|JMP:1
CYCLE:117|PC:7|INSTR:18000007|R0:10|R1:45|ALU:00000014|REG_W:0|ALU_S:0|BR:0|JMP:1
CYCLE:118|PC:7|INSTR:18000007|R0:10|R1:45|ALU:00000014|REG_W:0|ALU_S:0|BR:0|JMP:1
CYCLE:119|PC:7|INSTR:18000007|R0:10|R1:45|ALU:00000014|REG_W:0|ALU_S:0|BR:0|JMP:1
CYCLE:120|PC:7|INSTR:18000007|R0:10|R1:45|ALU:00000014|REG_W:0|ALU_S:0|BR:0|JMP:1
CYCLE:121|PC:7|INSTR:18000007|R0:10|R1:45|ALU:00000014|REG_W:0|ALU_S:0|BR:0|JMP:1
CYCLE:122|PC:7|INSTR:18000007|R0:10|R1:45|ALU:00000014|REG_W:0|ALU_S:0|BR:0|JMP:1
CYCLE:123|PC:7|INSTR:18000007|R0:10|R1:45|ALU:00000014|REG_W:0|ALU_S:0|BR:0|JMP:1
CYCLE:124|PC:7|INSTR:18000007|R0:10|R1:45|ALU:00000014|REG_W:0|ALU_S:0|BR:0|JMP:1
CYCLE:125|PC:7|INSTR:18000007|R0:10|R1:45|ALU:00000014|REG_W:0|ALU_S:0|BR:0|JMP:1
CYCLE:126|PC:7|INSTR:18000007|R0:10|R1:45|ALU:00000014|REG_W:0|ALU_S:0|BR:0|JMP:1
CYCLE:127|PC:7|INSTR:18000007|R0:10|R1:45|ALU:00000014|REG_W:0|ALU_S:0|BR:0|JMP:1
CYCLE:128|PC:7|INSTR:18000007|R0:10|R1:45|ALU:00000014|REG_W:0|ALU_S:0|BR:0|JMP:1
CYCLE:129|PC:7|INSTR:18000007|R0:10|R1:45|ALU:00000014|REG_W:0|ALU_S:0|BR:0|JMP:1
CYCLE:130|PC:7|INSTR:18000007|R0:10|R1:45|ALU:00000014|REG_W:0|ALU_S:0|BR:0|JMP:1
CYCLE:131|PC:7|INSTR:18000007|R0:10|R1:45|ALU:00000014|REG_W:0|ALU_S:0|BR:0|JMP:1
CYCLE:132|PC:7|INSTR:18000007|R0:10|R1:45|ALU:00000014|REG_W:0|ALU_S:0|BR:0|JMP:1
CYCLE:133|PC:7|INSTR:18000007|R0:10|R1:45|ALU:00000014|REG_W:0|ALU_S:0|BR:0|JMP:1
CYCLE:134|PC:7|INSTR:18000007|R0:10|R1:45|ALU:00000014|REG_W:0|ALU_S:0|BR:0|JMP:1
CYCLE:135|PC:7|INSTR:18000007|R0:10|R1:45|ALU:00000014|REG_W:0|ALU_S:0|BR:0|JMP:1
CYCLE:136|PC:7|INSTR:18000007|R0:10|R1:45|ALU:00000014|REG_W:0|ALU_S:0|BR:0|JMP:1
CYCLE:137|PC:7|INSTR:18000007|R0:10|R1:45|ALU:00000014|REG_W:0|ALU_S:0|BR:0|JMP:1
CYCLE:138|PC:7|INSTR:18000007|R0:10|R1:45|ALU:00000014|REG_W:0|ALU_S:0|BR:0|JMP:1
CYCLE:139|PC:7|INSTR:18000007|R0:10|R1:45|ALU:00000014|REG_W:0|ALU_S:0|BR:0|JMP:1
CYCLE:140|PC:7|INSTR:18000007|R0:10|R1:45|ALU:00000014|REG_W:0|ALU_S:0|BR:0|JMP:1
CYCLE:141|PC:7|INSTR:18000007|R0:10|R1:45|ALU:00000014|REG_W:0|ALU_S:0|BR:0|JMP:1
CYCLE:142|PC:7|INSTR:18000007|R0:10|R1:45|ALU:00000014|REG_W:0|ALU_S:0|BR:0|JMP:1
CYCLE:143|PC:7|INSTR:18000007|R0:10|R1:45|ALU:00000014|REG_W:0|ALU_S:0|BR:0|JMP:1
CYCLE:144|PC:7|INSTR:18000007|R0:10|R1:45|ALU:00000014|REG_W:0|ALU_S:0|BR:0|JMP:1
CYCLE:145|PC:7|INSTR:18000007|R0:10|R1:45|ALU:00000014|REG_W:0|ALU_S:0|BR:0|JMP:1
CYCLE:146|PC:7|INSTR:18000007|R0:10|R1:45|ALU:00000014|REG_W:0|ALU_S:0|BR:0|JMP:1
CYCLE:147|PC:7|INSTR:18000007|R0:10|R1:45|ALU:00000014|REG_W:0|ALU_S:0|BR:0|JMP:1
CYCLE:148|PC:7|INSTR:18000007|R0:10|R1:45|ALU:00000014|REG_W:0|ALU_S:0|BR:0|JMP:1
CYCLE:149|PC:7|INSTR:18000007|R0:10|R1:45|ALU:00000014|REG_W:0|ALU_S:0|BR:0|JMP:1
